[2025-12-10 13:22:03] Monitor started - collecting metrics every 5s
[2025-12-10 13:22:20] REPLICAS CHANGED: 0 -> 1
[2025-12-10 13:31:28] SCALE UP TRIGGERED: 1 -> 2 (waiting: 0, cache: 0.555)
[2025-12-10 13:31:50] REPLICAS CHANGED: 1 -> 2
[2025-12-10 13:33:35] SCALE UP TRIGGERED: 2 -> 6 (waiting: 97.5, cache: 0.498)
[2025-12-10 13:33:56] SCALE UP TRIGGERED: 6 -> 10 (waiting: 236, cache: 0.495)
[2025-12-10 13:33:56] REPLICAS CHANGED: 2 -> 6
[2025-12-10 13:34:18] REPLICAS CHANGED: 6 -> 10
[2025-12-10 13:35:22] SCALE DOWN TRIGGERED: 9 -> 8 (waiting: 0, cache: 0.149)
[2025-12-10 13:35:22] REPLICAS CHANGED: 10 -> 9
[2025-12-10 13:35:43] SCALE DOWN TRIGGERED: 8 -> 7 (waiting: 0, cache: 0.123)
[2025-12-10 13:35:43] REPLICAS CHANGED: 9 -> 8
[2025-12-10 13:36:04] SCALE DOWN TRIGGERED: 6 -> 5 (waiting: 0, cache: 0.099)
[2025-12-10 13:36:04] REPLICAS CHANGED: 8 -> 6
[2025-12-10 13:36:25] SCALE DOWN TRIGGERED: 5 -> 4 (waiting: 0, cache: 0.069)
[2025-12-10 13:36:25] REPLICAS CHANGED: 6 -> 5
[2025-12-10 13:36:46] SCALE DOWN TRIGGERED: 4 -> 3 (waiting: 0, cache: 0.05)
[2025-12-10 13:36:46] REPLICAS CHANGED: 5 -> 4
[2025-12-10 13:37:07] SCALE DOWN TRIGGERED: 2 -> 1 (waiting: 0, cache: 0.057)
[2025-12-10 13:37:07] REPLICAS CHANGED: 4 -> 2
[2025-12-10 13:37:28] REPLICAS CHANGED: 2 -> 1
[2025-12-10 13:46:51] Monitor stopped
