[2025-11-24 16:17:59] Monitor started - collecting metrics every 5s
[2025-11-24 16:18:15] REPLICAS CHANGED: 0 -> 1
[2025-11-24 16:23:53] SCALE UP TRIGGERED: 1 -> 2 (waiting: 0, cache: 0.587)
[2025-11-24 16:24:14] REPLICAS CHANGED: 1 -> 2
[2025-11-24 16:24:57] REPLICAS CHANGED: 2 -> 6
[2025-11-24 16:26:01] REPLICAS CHANGED: 6 -> 10
[2025-11-24 16:27:05] SCALE DOWN TRIGGERED: 10 -> 9 (waiting: 0, cache: 0.225)
[2025-11-24 16:27:27] SCALE DOWN TRIGGERED: 9 -> 8 (waiting: 0, cache: 0.134)
[2025-11-24 16:27:27] REPLICAS CHANGED: 10 -> 9
[2025-11-24 16:27:48] SCALE DOWN TRIGGERED: 7 -> 6 (waiting: 0, cache: 0.043)
[2025-11-24 16:27:48] REPLICAS CHANGED: 9 -> 7
[2025-11-24 16:28:09] SCALE DOWN TRIGGERED: 6 -> 5 (waiting: 0, cache: 0.043)
[2025-11-24 16:28:09] REPLICAS CHANGED: 7 -> 6
[2025-11-24 16:28:30] SCALE DOWN TRIGGERED: 4 -> 3 (waiting: 0, cache: 0.02)
[2025-11-24 16:28:30] REPLICAS CHANGED: 6 -> 4
[2025-11-24 16:28:51] SCALE DOWN TRIGGERED: 3 -> 2 (waiting: 0, cache: 0.022)
[2025-11-24 16:28:51] REPLICAS CHANGED: 4 -> 3
[2025-11-24 16:29:12] SCALE DOWN TRIGGERED: 2 -> 1 (waiting: 0, cache: 0.033)
[2025-11-24 16:29:12] REPLICAS CHANGED: 3 -> 2
[2025-11-24 16:29:33] REPLICAS CHANGED: 2 -> 1
[2025-11-24 16:34:39] Monitor stopped
